info it worked if it ends with ok
verbose cli [ 'node',
verbose cli   '/Users/matt/.nave/installed/0.6.15/bin/npm',
verbose cli   'publish' ]
info using npm@1.1.16
info using node@v0.6.15
verbose config file /Users/matt/.npmrc
verbose config file /Users/matt/.nave/installed/0.6.15/etc/npmrc
verbose config file /Users/matt/.nave/installed/0.6.15/lib/node_modules/npm/npmrc
verbose publish [ '.' ]
verbose caching /Users/matt/Workspace/node/supergoose/package.json
verbose loadDefaults supergoose@1.0.0
info prepublish supergoose@1.0.0
verbose cache add [ '.', null ]
silly cache add: name, spec, args [ undefined, '.', [ '.', null ] ]
verbose parsed url { pathname: '.', path: '.', href: '.' }
verbose caching package.json
verbose loadDefaults supergoose@1.0.0
verbose tar.pack [ '/var/folders/g_/9ql9gj8n2h38qscdm8ljb3cr0000gn/T/npm-1340838962263/1340838962263-0.9166959419380873/tmp.tgz',
verbose tar.pack   '.' ]
verbose tarball /var/folders/g_/9ql9gj8n2h38qscdm8ljb3cr0000gn/T/npm-1340838962263/1340838962263-0.9166959419380873/tmp.tgz
verbose folder .
verbose unpack /var/folders/g_/9ql9gj8n2h38qscdm8ljb3cr0000gn/T/npm-1340838962263/1340838962263-0.9166959419380873/tmp.tgz
silly gunzTarPerm modes [ '755', '644' ]
silly extracting entry package.json
silly extracting entry .npmignore
silly extracting entry README.md
silly extracting entry LICENSE
silly extracting entry index.js
silly extracting entry test/index_test.js
verbose caching /var/folders/g_/9ql9gj8n2h38qscdm8ljb3cr0000gn/T/npm-1340838962263/1340838962263-0.9166959419380873/package/package.json
verbose loadDefaults supergoose@1.0.0
verbose from cache /var/folders/g_/9ql9gj8n2h38qscdm8ljb3cr0000gn/T/npm-1340838962263/1340838962263-0.9166959419380873/package/package.json
verbose tar.pack [ '/Users/matt/.npm/supergoose/1.0.0/package.tgz',
verbose tar.pack   '/var/folders/g_/9ql9gj8n2h38qscdm8ljb3cr0000gn/T/npm-1340838962263/1340838962263-0.9166959419380873/package' ]
verbose tarball /Users/matt/.npm/supergoose/1.0.0/package.tgz
verbose folder /var/folders/g_/9ql9gj8n2h38qscdm8ljb3cr0000gn/T/npm-1340838962263/1340838962263-0.9166959419380873/package
verbose unpack /Users/matt/.npm/supergoose/1.0.0/package.tgz
silly gunzTarPerm modes [ '755', '644' ]
silly extracting entry package.json
silly extracting entry .npmignore
silly extracting entry README.md
silly extracting entry LICENSE
silly extracting entry index.js
silly extracting entry test/index_test.js
verbose caching /Users/matt/.npm/supergoose/1.0.0/package/package.json
verbose loadDefaults supergoose@1.0.0
silly updated sha bytes 1959
info shasum dc5a602cdf659d9d18a710a44e5174bfe00615cd
info shasum /Users/matt/.npm/supergoose/1.0.0/package.tgz
verbose from cache /Users/matt/.npm/supergoose/1.0.0/package/package.json
verbose chmod /Users/matt/.npm/supergoose/1.0.0/package.tgz 644
verbose chown [ '/Users/matt/.npm/supergoose/1.0.0/package.tgz', 501, 20 ]
silly publish { name: 'supergoose',
silly publish   description: 'Mongoose plugin for simple addons like find or create',
silly publish   version: '1.0.0',
silly publish   author: { name: 'Matt Roman' },
silly publish   keywords: [ 'supergoose', 'mongodb', 'mongoose', 'plugin', 'findOrCreate' ],
silly publish   repository: { type: 'git', url: 'git://github.com/jamplify/supergoose.git' },
silly publish   dependencies: { mongoose: '>= 2.6.5' },
silly publish   devDependencies: { should: '>= 0.2.1', mocha: '>= 0.13.0', sinon: '>= 1.3.1' },
silly publish   license: 'MIT',
silly publish   engine: { node: '>= 0.6' },
silly publish   _npmUser: { name: 'romanmt', email: 'romanmt@gmail.com' },
silly publish   _id: 'supergoose@1.0.0',
silly publish   optionalDependencies: {},
silly publish   engines: { node: '*' },
silly publish   _engineSupported: true,
silly publish   _npmVersion: '1.1.16',
silly publish   _nodeVersion: 'v0.6.15',
silly publish   _defaultsLoaded: true,
silly publish   dist: 
silly publish    { shasum: 'dc5a602cdf659d9d18a710a44e5174bfe00615cd',
silly publish      tarball: 'http://registry.npmjs.org/supergoose/-/supergoose-1.0.0.tgz' } }
verbose raw, before any munging supergoose
verbose url resolving [ 'https://registry.npmjs.org/', './supergoose' ]
verbose url resolved https://registry.npmjs.org/supergoose
http PUT https://registry.npmjs.org/supergoose
http 409 https://registry.npmjs.org/supergoose
verbose raw, before any munging supergoose
verbose url resolving [ 'https://registry.npmjs.org/', './supergoose' ]
verbose url resolved https://registry.npmjs.org/supergoose
http GET https://registry.npmjs.org/supergoose
http 200 https://registry.npmjs.org/supergoose
info Already published supergoose@1.0.0
verbose uploading bin dists []
ERR! publish fail Cannot publish over existing version.
ERR! publish fail Bump the 'version' field, set the --force flag, or
ERR! publish fail     npm unpublish 'supergoose@1.0.0'
ERR! publish fail and try again
ERR! 
ERR! System Darwin 11.3.0
ERR! command "node" "/Users/matt/.nave/installed/0.6.15/bin/npm" "publish"
ERR! cwd /Users/matt/Workspace/node/supergoose
ERR! node -v v0.6.15
ERR! npm -v 1.1.16
ERR! code EPUBLISHCONFLICT
ERR! message publish fail
ERR! errno {}
verbose exit [ 1, true ]
